h:\utils\repos\il2gb_vrem\il2gb_vrem\x64\debug\vc143.pdb
h:\utils\repos\il2gb_vrem\il2gb_vrem\x64\debug\vc143.idb
h:\utils\repos\il2gb_vrem\il2gb_vrem\x64\debug\save_pipelines.obj
h:\utils\repos\il2gb_vrem\il2gb_vrem\x64\debug\misc.obj
h:\utils\repos\il2gb_vrem\il2gb_vrem\x64\debug\on_init_pipeline.obj
h:\utils\repos\il2gb_vrem\il2gb_vrem\x64\debug\addon_logs.obj
h:\utils\repos\il2gb_vrem\il2gb_vrem\x64\debug\on_present_reload.obj
h:\utils\repos\il2gb_vrem\il2gb_vrem\x64\debug\load_shader_code.obj
h:\utils\repos\il2gb_vrem\il2gb_vrem\x64\debug\init_cleanup.obj
h:\utils\repos\il2gb_vrem\il2gb_vrem\x64\debug\get_settings_from_uniforms.obj
h:\utils\repos\il2gb_vrem\il2gb_vrem\x64\debug\clone_pipeline.obj
g:\jeux\dcs world openbeta\bin-mt\il2gb_vrem.dll
g:\jeux\dcs world openbeta\bin-mt\il2gb_vrem.pdb
g:\jeux\dcs world openbeta\bin-mt\il2gb_vrem.lib
g:\jeux\dcs world openbeta\bin-mt\il2gb_vrem.exp
h:\utils\repos\il2gb_vrem\il2gb_vrem\x64\debug\il2gb_vrem.ilk
h:\utils\repos\il2gb_vrem\il2gb_vrem\x64\debug\il2gb_vrem.tlog\cl.command.1.tlog
h:\utils\repos\il2gb_vrem\il2gb_vrem\x64\debug\il2gb_vrem.tlog\cl.items.tlog
h:\utils\repos\il2gb_vrem\il2gb_vrem\x64\debug\il2gb_vrem.tlog\cl.read.1.tlog
h:\utils\repos\il2gb_vrem\il2gb_vrem\x64\debug\il2gb_vrem.tlog\cl.write.1.tlog
h:\utils\repos\il2gb_vrem\il2gb_vrem\x64\debug\il2gb_vrem.tlog\link.command.1.tlog
h:\utils\repos\il2gb_vrem\il2gb_vrem\x64\debug\il2gb_vrem.tlog\link.read.1.tlog
h:\utils\repos\il2gb_vrem\il2gb_vrem\x64\debug\il2gb_vrem.tlog\link.secondary.1.tlog
h:\utils\repos\il2gb_vrem\il2gb_vrem\x64\debug\il2gb_vrem.tlog\link.write.1.tlog
